<?xml version="1.0" encoding="UTF-8"?>
<testsuite xmlns:xsi="http://www.w3.org/2001/XMLSchema-instance" xsi:noNamespaceSchemaLocation="https://maven.apache.org/surefire/maven-surefire-plugin/xsd/surefire-test-report-3.0.xsd" version="3.0" name="com.crick.app.CricketInformer.CricketInformerApplicationTests" time="14.95" tests="1" errors="0" skipped="0" failures="0">
  <properties>
[...]
</properties>
  <testcase name="contextLoads" classname="com.crick.app.CricketInformer.CricketInformerApplicationTests" time="2.067">
    <system-out><![CDATA[13:02:38.844 [main] INFO org.springframework.test.context.support.AnnotationConfigContextLoaderUtils -- Could not detect default configuration classes for test class [com.crick.app.CricketInformer.CricketInformerApplicationTests]: CricketInformerApplicationTests does not declare any static, non-private, non-final, nested classes annotated with @Configuration.
13:02:39.141 [main] INFO org.springframework.boot.test.context.SpringBootTestContextBootstrapper -- Found @SpringBootConfiguration com.crick.app.CricketInformer.CricketInformerApplication for test class com.crick.app.CricketInformer.CricketInformerApplicationTests
13:02:39.643 [main] INFO org.springframework.boot.devtools.restart.RestartApplicationListener -- Restart disabled due to context in which it is running

  .   ____          _            __ _ _
 /\\ / ___'_ __ _ _(_)_ __  __ _ \ \ \ \
( ( )\___ | '_ | '_| | '_ \/ _` | \ \ \ \
 \\/  ___)| |_)| | | | | || (_| |  ) ) ) )
  '  |____| .__|_| |_|_| |_\__, | / / / /
 =========|_|==============|___/=/_/_/_/
 :: Spring Boot ::                (v3.1.5)

2024-03-23T13:02:40.356+05:30  INFO 10552 --- [           main] c.c.a.C.CricketInformerApplicationTests  : Starting CricketInformerApplicationTests using Java 17.0.8 with PID 10552 (started by DELL in D:\Github_Uploaded\CricketInformer)
2024-03-23T13:02:40.360+05:30  INFO 10552 --- [           main] c.c.a.C.CricketInformerApplicationTests  : No active profile set, falling back to 1 default profile: "default"
2024-03-23T13:02:42.249+05:30  INFO 10552 --- [           main] .s.d.r.c.RepositoryConfigurationDelegate : Bootstrapping Spring Data JPA repositories in DEFAULT mode.
2024-03-23T13:02:42.468+05:30  INFO 10552 --- [           main] .s.d.r.c.RepositoryConfigurationDelegate : Finished Spring Data repository scanning in 198 ms. Found 1 JPA repository interfaces.
2024-03-23T13:02:43.888+05:30  INFO 10552 --- [           main] o.hibernate.jpa.internal.util.LogHelper  : HHH000204: Processing PersistenceUnitInfo [name: default]
2024-03-23T13:02:44.086+05:30  INFO 10552 --- [           main] org.hibernate.Version                    : HHH000412: Hibernate ORM core version 6.2.13.Final
2024-03-23T13:02:44.094+05:30  INFO 10552 --- [           main] org.hibernate.cfg.Environment            : HHH000406: Using bytecode reflection optimizer
2024-03-23T13:02:45.039+05:30  INFO 10552 --- [           main] o.s.o.j.p.SpringPersistenceUnitInfo      : No LoadTimeWeaver setup: ignoring JPA class transformer
2024-03-23T13:02:45.106+05:30  INFO 10552 --- [           main] com.zaxxer.hikari.HikariDataSource       : HikariPool-1 - Starting...
2024-03-23T13:02:46.366+05:30  INFO 10552 --- [           main] com.zaxxer.hikari.pool.HikariPool        : HikariPool-1 - Added connection com.mysql.cj.jdbc.ConnectionImpl@44fb6ebd
2024-03-23T13:02:46.371+05:30  INFO 10552 --- [           main] com.zaxxer.hikari.HikariDataSource       : HikariPool-1 - Start completed.
2024-03-23T13:02:48.803+05:30  INFO 10552 --- [           main] o.h.e.t.j.p.i.JtaPlatformInitiator       : HHH000489: No JTA platform available (set 'hibernate.transaction.jta.platform' to enable JTA platform integration)
2024-03-23T13:02:48.953+05:30  INFO 10552 --- [           main] j.LocalContainerEntityManagerFactoryBean : Initialized JPA EntityManagerFactory for persistence unit 'default'
MatchRepo initialized: true
2024-03-23T13:02:50.107+05:30  WARN 10552 --- [           main] JpaBaseConfiguration$JpaWebConfiguration : spring.jpa.open-in-view is enabled by default. Therefore, database queries may be performed during view rendering. Explicitly configure spring.jpa.open-in-view to disable this warning
2024-03-23T13:02:51.051+05:30  INFO 10552 --- [           main] c.c.a.C.CricketInformerApplicationTests  : Started CricketInformerApplicationTests in 11.439 seconds (process running for 14.524)
]]></system-out>
  </testcase>
</testsuite>